Analysis & Synthesis report for Generador_seniales
Tue Jun 04 19:55:52 2013
Quartus II Version 9.0 Build 235 06/17/2009 Service Pack 2 SJ Web Edition


---------------------
; Table of Contents ;
---------------------
  1. Legal Notice
  2. Analysis & Synthesis Summary
  3. Analysis & Synthesis Settings
  4. Analysis & Synthesis Source Files Read
  5. Analysis & Synthesis Resource Usage Summary
  6. Analysis & Synthesis Resource Utilization by Entity
  7. Analysis & Synthesis RAM Summary
  8. User-Specified and Inferred Latches
  9. General Register Statistics
 10. Inverted Register Statistics
 11. Source assignments for lpm_counter:\seleccionFrecuencia:pulsos[0]_rtl_0
 12. Source assignments for lpm_counter:posicionMemoria_rtl_1
 13. Source assignments for lpm_add_sub:Add1|addcore:adder
 14. Source assignments for lpm_add_sub:Add2|addcore:adder
 15. Source assignments for lpm_add_sub:Add3|addcore:adder
 16. Parameter Settings for User Entity Instance: ROM_Seno:Memoria_Seno|lpm_rom:lpm_rom_component
 17. Parameter Settings for Inferred Entity Instance: lpm_counter:\seleccionFrecuencia:pulsos[0]_rtl_0
 18. Parameter Settings for Inferred Entity Instance: lpm_counter:posicionMemoria_rtl_1
 19. Parameter Settings for Inferred Entity Instance: lpm_add_sub:Add1
 20. Parameter Settings for Inferred Entity Instance: lpm_add_sub:Add2
 21. Parameter Settings for Inferred Entity Instance: lpm_add_sub:Add3
 22. Analysis & Synthesis Messages



----------------
; Legal Notice ;
----------------
Copyright (C) 1991-2009 Altera Corporation
Your use of Altera Corporation's design tools, logic functions 
and other software and tools, and its AMPP partner logic 
functions, and any output files from any of the foregoing 
(including device programming or simulation files), and any 
associated documentation or information are expressly subject 
to the terms and conditions of the Altera Program License 
Subscription Agreement, Altera MegaCore Function License 
Agreement, or other applicable license agreement, including, 
without limitation, that your use is for the sole purpose of 
programming logic devices manufactured by Altera and sold by 
Altera or its authorized distributors.  Please refer to the 
applicable agreement for further details.



+----------------------------------------------------------------------------+
; Analysis & Synthesis Summary                                               ;
+-----------------------------+----------------------------------------------+
; Analysis & Synthesis Status ; Successful - Tue Jun 04 19:55:51 2013        ;
; Quartus II Version          ; 9.0 Build 235 06/17/2009 SP 2 SJ Web Edition ;
; Revision Name               ; Generador_seniales                           ;
; Top-level Entity Name       ; Generador_seniales                           ;
; Family                      ; FLEX10K                                      ;
; Total logic elements        ; 154                                          ;
; Total pins                  ; 20                                           ;
; Total memory bits           ; 2,048                                        ;
+-----------------------------+----------------------------------------------+


+--------------------------------------------------------------------------------------------------------+
; Analysis & Synthesis Settings                                                                          ;
+--------------------------------------------------------------+--------------------+--------------------+
; Option                                                       ; Setting            ; Default Value      ;
+--------------------------------------------------------------+--------------------+--------------------+
; Device                                                       ; EPF10K70RC240-4    ;                    ;
; Top-level entity name                                        ; Generador_seniales ; Generador_seniales ;
; Family name                                                  ; FLEX10K            ; Stratix II         ;
; Use Generated Physical Constraints File                      ; Off                ;                    ;
; Use smart compilation                                        ; Off                ; Off                ;
; Create Debugging Nodes for IP Cores                          ; Off                ; Off                ;
; Preserve fewer node names                                    ; On                 ; On                 ;
; Disable OpenCore Plus hardware evaluation                    ; Off                ; Off                ;
; Verilog Version                                              ; Verilog_2001       ; Verilog_2001       ;
; VHDL Version                                                 ; VHDL93             ; VHDL93             ;
; State Machine Processing                                     ; Auto               ; Auto               ;
; Safe State Machine                                           ; Off                ; Off                ;
; Extract Verilog State Machines                               ; On                 ; On                 ;
; Extract VHDL State Machines                                  ; On                 ; On                 ;
; Ignore Verilog initial constructs                            ; Off                ; Off                ;
; Iteration limit for constant Verilog loops                   ; 5000               ; 5000               ;
; Iteration limit for non-constant Verilog loops               ; 250                ; 250                ;
; Add Pass-Through Logic to Inferred RAMs                      ; On                 ; On                 ;
; Parallel Synthesis                                           ; Off                ; Off                ;
; NOT Gate Push-Back                                           ; On                 ; On                 ;
; Power-Up Don't Care                                          ; On                 ; On                 ;
; Remove Redundant Logic Cells                                 ; Off                ; Off                ;
; Remove Duplicate Registers                                   ; On                 ; On                 ;
; Ignore CARRY Buffers                                         ; Off                ; Off                ;
; Ignore CASCADE Buffers                                       ; Off                ; Off                ;
; Ignore GLOBAL Buffers                                        ; Off                ; Off                ;
; Ignore ROW GLOBAL Buffers                                    ; Off                ; Off                ;
; Ignore LCELL Buffers                                         ; Off                ; Off                ;
; Ignore SOFT Buffers                                          ; On                 ; On                 ;
; Limit AHDL Integers to 32 Bits                               ; Off                ; Off                ;
; Auto Implement in ROM                                        ; Off                ; Off                ;
; Optimization Technique                                       ; Area               ; Area               ;
; Carry Chain Length                                           ; 32                 ; 32                 ;
; Cascade Chain Length                                         ; 2                  ; 2                  ;
; Auto Carry Chains                                            ; On                 ; On                 ;
; Auto Open-Drain Pins                                         ; On                 ; On                 ;
; Auto ROM Replacement                                         ; On                 ; On                 ;
; Auto RAM Replacement                                         ; On                 ; On                 ;
; Auto Clock Enable Replacement                                ; On                 ; On                 ;
; Strict RAM Replacement                                       ; Off                ; Off                ;
; Auto Resource Sharing                                        ; Off                ; Off                ;
; Allow Any RAM Size For Recognition                           ; Off                ; Off                ;
; Allow Any ROM Size For Recognition                           ; Off                ; Off                ;
; Use LogicLock Constraints during Resource Balancing          ; On                 ; On                 ;
; Ignore translate_off and synthesis_off directives            ; Off                ; Off                ;
; Show Parameter Settings Tables in Synthesis Report           ; On                 ; On                 ;
; HDL message level                                            ; Level2             ; Level2             ;
; Suppress Register Optimization Related Messages              ; Off                ; Off                ;
; Number of Removed Registers Reported in Synthesis Report     ; 100                ; 100                ;
; Number of Inverted Registers Reported in Synthesis Report    ; 100                ; 100                ;
; Block Design Naming                                          ; Auto               ; Auto               ;
; Synthesis Effort                                             ; Auto               ; Auto               ;
; Shift Register Replacement - Allow Asynchronous Clear Signal ; On                 ; On                 ;
; Analysis & Synthesis Message Level                           ; Medium             ; Medium             ;
+--------------------------------------------------------------+--------------------+--------------------+


+-----------------------------------------------------------------------------------------------------------------------------------------------------------+
; Analysis & Synthesis Source Files Read                                                                                                                    ;
+----------------------------------+-----------------+-----------------------------+------------------------------------------------------------------------+
; File Name with User-Entered Path ; Used in Netlist ; File Type                   ; File Name with Absolute Path                                           ;
+----------------------------------+-----------------+-----------------------------+------------------------------------------------------------------------+
; Generador_seniales.vhd           ; yes             ; User VHDL File              ; E:/Generador de señales - MIF/Generador_seniales.vhd                   ;
; ROM_Seno.vhd                     ; yes             ; User Wizard-Generated File  ; E:/Generador de señales - MIF/ROM_Seno.vhd                             ;
; lpm_rom.tdf                      ; yes             ; Megafunction                ; c:/fpga/altera/quartus/libraries/megafunctions/lpm_rom.tdf             ;
; altrom.inc                       ; yes             ; Megafunction                ; c:/fpga/altera/quartus/libraries/megafunctions/altrom.inc              ;
; aglobal90.inc                    ; yes             ; Megafunction                ; c:/fpga/altera/quartus/libraries/megafunctions/aglobal90.inc           ;
; altrom.tdf                       ; yes             ; Megafunction                ; c:/fpga/altera/quartus/libraries/megafunctions/altrom.tdf              ;
; memmodes.inc                     ; yes             ; Megafunction                ; c:/fpga/altera/quartus/libraries/others/maxplus2/memmodes.inc          ;
; lpm_decode.inc                   ; yes             ; Megafunction                ; c:/fpga/altera/quartus/libraries/megafunctions/lpm_decode.inc          ;
; lpm_mux.inc                      ; yes             ; Megafunction                ; c:/fpga/altera/quartus/libraries/megafunctions/lpm_mux.inc             ;
; altqpram.inc                     ; yes             ; Megafunction                ; c:/fpga/altera/quartus/libraries/megafunctions/altqpram.inc            ;
; altsyncram.inc                   ; yes             ; Megafunction                ; c:/fpga/altera/quartus/libraries/megafunctions/altsyncram.inc          ;
; lpm_counter.tdf                  ; yes             ; Megafunction                ; c:/fpga/altera/quartus/libraries/megafunctions/lpm_counter.tdf         ;
; lpm_constant.inc                 ; yes             ; Megafunction                ; c:/fpga/altera/quartus/libraries/megafunctions/lpm_constant.inc        ;
; lpm_add_sub.inc                  ; yes             ; Megafunction                ; c:/fpga/altera/quartus/libraries/megafunctions/lpm_add_sub.inc         ;
; cmpconst.inc                     ; yes             ; Megafunction                ; c:/fpga/altera/quartus/libraries/megafunctions/cmpconst.inc            ;
; lpm_compare.inc                  ; yes             ; Megafunction                ; c:/fpga/altera/quartus/libraries/megafunctions/lpm_compare.inc         ;
; lpm_counter.inc                  ; yes             ; Megafunction                ; c:/fpga/altera/quartus/libraries/megafunctions/lpm_counter.inc         ;
; dffeea.inc                       ; yes             ; Megafunction                ; c:/fpga/altera/quartus/libraries/megafunctions/dffeea.inc              ;
; alt_synch_counter.inc            ; yes             ; Megafunction                ; c:/fpga/altera/quartus/libraries/megafunctions/alt_synch_counter.inc   ;
; alt_synch_counter_f.inc          ; yes             ; Megafunction                ; c:/fpga/altera/quartus/libraries/megafunctions/alt_synch_counter_f.inc ;
; alt_counter_f10ke.inc            ; yes             ; Megafunction                ; c:/fpga/altera/quartus/libraries/megafunctions/alt_counter_f10ke.inc   ;
; alt_counter_stratix.inc          ; yes             ; Megafunction                ; c:/fpga/altera/quartus/libraries/megafunctions/alt_counter_stratix.inc ;
; alt_counter_f10ke.tdf            ; yes             ; Megafunction                ; c:/fpga/altera/quartus/libraries/megafunctions/alt_counter_f10ke.tdf   ;
; flex10ke_lcell.inc               ; yes             ; Megafunction                ; c:/fpga/altera/quartus/libraries/megafunctions/flex10ke_lcell.inc      ;
; lpm_add_sub.tdf                  ; yes             ; Megafunction                ; c:/fpga/altera/quartus/libraries/megafunctions/lpm_add_sub.tdf         ;
; addcore.inc                      ; yes             ; Megafunction                ; c:/fpga/altera/quartus/libraries/megafunctions/addcore.inc             ;
; look_add.inc                     ; yes             ; Megafunction                ; c:/fpga/altera/quartus/libraries/megafunctions/look_add.inc            ;
; bypassff.inc                     ; yes             ; Megafunction                ; c:/fpga/altera/quartus/libraries/megafunctions/bypassff.inc            ;
; altshift.inc                     ; yes             ; Megafunction                ; c:/fpga/altera/quartus/libraries/megafunctions/altshift.inc            ;
; alt_stratix_add_sub.inc          ; yes             ; Megafunction                ; c:/fpga/altera/quartus/libraries/megafunctions/alt_stratix_add_sub.inc ;
; alt_mercury_add_sub.inc          ; yes             ; Megafunction                ; c:/fpga/altera/quartus/libraries/megafunctions/alt_mercury_add_sub.inc ;
; addcore.tdf                      ; yes             ; Megafunction                ; c:/fpga/altera/quartus/libraries/megafunctions/addcore.tdf             ;
; a_csnbuffer.inc                  ; yes             ; Megafunction                ; c:/fpga/altera/quartus/libraries/megafunctions/a_csnbuffer.inc         ;
; a_csnbuffer.tdf                  ; yes             ; Megafunction                ; c:/fpga/altera/quartus/libraries/megafunctions/a_csnbuffer.tdf         ;
; altshift.tdf                     ; yes             ; Megafunction                ; c:/fpga/altera/quartus/libraries/megafunctions/altshift.tdf            ;
+----------------------------------+-----------------+-----------------------------+------------------------------------------------------------------------+


+--------------------------------------------------------+
; Analysis & Synthesis Resource Usage Summary            ;
+-----------------------------------+--------------------+
; Resource                          ; Usage              ;
+-----------------------------------+--------------------+
; Total logic elements              ; 154                ;
; Total combinational functions     ; 145                ;
;     -- Total 4-input functions    ; 62                 ;
;     -- Total 3-input functions    ; 21                 ;
;     -- Total 2-input functions    ; 17                 ;
;     -- Total 1-input functions    ; 45                 ;
;     -- Total 0-input functions    ; 0                  ;
; Total registers                   ; 53                 ;
; Total logic cells in carry chains ; 51                 ;
; I/O pins                          ; 20                 ;
; Total memory bits                 ; 2048               ;
; Maximum fan-out node              ; frecuenciaMuestreo ;
; Maximum fan-out                   ; 44                 ;
; Total fan-out                     ; 594                ;
; Average fan-out                   ; 3.26               ;
+-----------------------------------+--------------------+


+-------------------------------------------------------------------------------------------------------------------------------------------------------------------------------------------------------------------------------------------------------------------------------------------------------------------+
; Analysis & Synthesis Resource Utilization by Entity                                                                                                                                                                                                                                                               ;
+-------------------------------------------------------+-------------+--------------+-------------+------+--------------+-------------------+------------------+-----------------+------------+-----------------------------------------------------------------------------------------------------+--------------+
; Compilation Hierarchy Node                            ; Logic Cells ; LC Registers ; Memory Bits ; Pins ; LUT-Only LCs ; Register-Only LCs ; LUT/Register LCs ; Carry Chain LCs ; Packed LCs ; Full Hierarchy Name                                                                                 ; Library Name ;
+-------------------------------------------------------+-------------+--------------+-------------+------+--------------+-------------------+------------------+-----------------+------------+-----------------------------------------------------------------------------------------------------+--------------+
; |Generador_seniales                                   ; 154 (104)   ; 53           ; 2048        ; 20   ; 101 (78)     ; 9 (9)             ; 44 (17)          ; 51 (1)          ; 0 (0)      ; |Generador_seniales                                                                                 ; work         ;
;    |ROM_Seno:Memoria_Seno|                            ; 0 (0)       ; 0            ; 2048        ; 0    ; 0 (0)        ; 0 (0)             ; 0 (0)            ; 0 (0)           ; 0 (0)      ; |Generador_seniales|ROM_Seno:Memoria_Seno                                                           ; work         ;
;       |lpm_rom:lpm_rom_component|                     ; 0 (0)       ; 0            ; 2048        ; 0    ; 0 (0)        ; 0 (0)             ; 0 (0)            ; 0 (0)           ; 0 (0)      ; |Generador_seniales|ROM_Seno:Memoria_Seno|lpm_rom:lpm_rom_component                                 ; work         ;
;          |altrom:srom|                                ; 0 (0)       ; 0            ; 2048        ; 0    ; 0 (0)        ; 0 (0)             ; 0 (0)            ; 0 (0)           ; 0 (0)      ; |Generador_seniales|ROM_Seno:Memoria_Seno|lpm_rom:lpm_rom_component|altrom:srom                     ; work         ;
;    |lpm_add_sub:Add1|                                 ; 8 (0)       ; 0            ; 0           ; 0    ; 8 (0)        ; 0 (0)             ; 0 (0)            ; 8 (0)           ; 0 (0)      ; |Generador_seniales|lpm_add_sub:Add1                                                                ; work         ;
;       |addcore:adder|                                 ; 8 (1)       ; 0            ; 0           ; 0    ; 8 (1)        ; 0 (0)             ; 0 (0)            ; 8 (1)           ; 0 (0)      ; |Generador_seniales|lpm_add_sub:Add1|addcore:adder                                                  ; work         ;
;          |a_csnbuffer:result_node|                    ; 7 (7)       ; 0            ; 0           ; 0    ; 7 (7)        ; 0 (0)             ; 0 (0)            ; 7 (7)           ; 0 (0)      ; |Generador_seniales|lpm_add_sub:Add1|addcore:adder|a_csnbuffer:result_node                          ; work         ;
;    |lpm_add_sub:Add2|                                 ; 7 (0)       ; 0            ; 0           ; 0    ; 7 (0)        ; 0 (0)             ; 0 (0)            ; 7 (0)           ; 0 (0)      ; |Generador_seniales|lpm_add_sub:Add2                                                                ; work         ;
;       |addcore:adder|                                 ; 7 (1)       ; 0            ; 0           ; 0    ; 7 (1)        ; 0 (0)             ; 0 (0)            ; 7 (1)           ; 0 (0)      ; |Generador_seniales|lpm_add_sub:Add2|addcore:adder                                                  ; work         ;
;          |a_csnbuffer:result_node|                    ; 6 (6)       ; 0            ; 0           ; 0    ; 6 (6)        ; 0 (0)             ; 0 (0)            ; 6 (6)           ; 0 (0)      ; |Generador_seniales|lpm_add_sub:Add2|addcore:adder|a_csnbuffer:result_node                          ; work         ;
;    |lpm_add_sub:Add3|                                 ; 8 (0)       ; 0            ; 0           ; 0    ; 8 (0)        ; 0 (0)             ; 0 (0)            ; 8 (0)           ; 0 (0)      ; |Generador_seniales|lpm_add_sub:Add3                                                                ; work         ;
;       |addcore:adder|                                 ; 8 (1)       ; 0            ; 0           ; 0    ; 8 (1)        ; 0 (0)             ; 0 (0)            ; 8 (1)           ; 0 (0)      ; |Generador_seniales|lpm_add_sub:Add3|addcore:adder                                                  ; work         ;
;          |a_csnbuffer:result_node|                    ; 7 (7)       ; 0            ; 0           ; 0    ; 7 (7)        ; 0 (0)             ; 0 (0)            ; 7 (7)           ; 0 (0)      ; |Generador_seniales|lpm_add_sub:Add3|addcore:adder|a_csnbuffer:result_node                          ; work         ;
;    |lpm_counter:\seleccionFrecuencia:pulsos[0]_rtl_0| ; 19 (0)      ; 19           ; 0           ; 0    ; 0 (0)        ; 0 (0)             ; 19 (0)           ; 19 (0)          ; 0 (0)      ; |Generador_seniales|lpm_counter:\seleccionFrecuencia:pulsos[0]_rtl_0                                ; work         ;
;       |alt_counter_f10ke:wysi_counter|                ; 19 (19)     ; 19           ; 0           ; 0    ; 0 (0)        ; 0 (0)             ; 19 (19)          ; 19 (19)         ; 0 (0)      ; |Generador_seniales|lpm_counter:\seleccionFrecuencia:pulsos[0]_rtl_0|alt_counter_f10ke:wysi_counter ; work         ;
;    |lpm_counter:posicionMemoria_rtl_1|                ; 8 (0)       ; 8            ; 0           ; 0    ; 0 (0)        ; 0 (0)             ; 8 (0)            ; 8 (0)           ; 0 (0)      ; |Generador_seniales|lpm_counter:posicionMemoria_rtl_1                                               ; work         ;
;       |alt_counter_f10ke:wysi_counter|                ; 8 (8)       ; 8            ; 0           ; 0    ; 0 (0)        ; 0 (0)             ; 8 (8)            ; 8 (8)           ; 0 (0)      ; |Generador_seniales|lpm_counter:posicionMemoria_rtl_1|alt_counter_f10ke:wysi_counter                ; work         ;
+-------------------------------------------------------+-------------+--------------+-------------+------+--------------+-------------------+------------------+-----------------+------------+-----------------------------------------------------------------------------------------------------+--------------+
Note: For table entries with two numbers listed, the numbers in parentheses indicate the number of resources of the given type used by the specific entity alone. The numbers listed outside of parentheses indicate the total resources of the given type used by the specific entity and all of its sub-entities in the hierarchy.


+----------------------------------------------------------------------------------------------------------------------------------------------------------+
; Analysis & Synthesis RAM Summary                                                                                                                         ;
+---------------------------------------------------------------------+------+--------------+--------------+--------------+--------------+------+----------+
; Name                                                                ; Mode ; Port A Depth ; Port A Width ; Port B Depth ; Port B Width ; Size ; MIF      ;
+---------------------------------------------------------------------+------+--------------+--------------+--------------+--------------+------+----------+
; ROM_Seno:Memoria_Seno|lpm_rom:lpm_rom_component|altrom:srom|content ; ROM  ; 256          ; 8            ; --           ; --           ; 2048 ; seno.mif ;
+---------------------------------------------------------------------+------+--------------+--------------+--------------+--------------+------+----------+


+----------------------------------------------------------------------------------------------------+
; User-Specified and Inferred Latches                                                                ;
+-----------------------------------------------------+---------------------+------------------------+
; Latch Name                                          ; Latch Enable Signal ; Free of Timing Hazards ;
+-----------------------------------------------------+---------------------+------------------------+
; valorAmplitud[0]                                    ; valorAmplitud[5]~14 ; yes                    ;
; valorAmplitud[1]                                    ; valorAmplitud[5]~14 ; yes                    ;
; valorAmplitud[2]                                    ; valorAmplitud[5]~14 ; yes                    ;
; valorAmplitud[3]                                    ; valorAmplitud[5]~14 ; yes                    ;
; valorAmplitud[4]                                    ; valorAmplitud[5]~14 ; yes                    ;
; valorAmplitud[5]                                    ; valorAmplitud[5]~14 ; yes                    ;
; valorAmplitud[6]                                    ; amplitud[1]         ; yes                    ;
; valorAmplitud[7]                                    ; Equal4              ; yes                    ;
; \seleccionFrecuencia:maximoPulsos[1]                ; GND                 ; yes                    ;
; \seleccionFrecuencia:maximoPulsos[2]                ; GND                 ; yes                    ;
; \seleccionFrecuencia:maximoPulsos[3]                ; GND                 ; yes                    ;
; \seleccionFrecuencia:maximoPulsos[4]                ; GND                 ; yes                    ;
; \seleccionFrecuencia:maximoPulsos[7]                ; GND                 ; yes                    ;
; \seleccionFrecuencia:maximoPulsos[8]                ; GND                 ; yes                    ;
; Number of user-specified and inferred latches = 14  ;                     ;                        ;
+-----------------------------------------------------+---------------------+------------------------+
Note: All latches listed above may not be present at the end of synthesis due to various synthesis optimizations.


+------------------------------------------------------+
; General Register Statistics                          ;
+----------------------------------------------+-------+
; Statistic                                    ; Value ;
+----------------------------------------------+-------+
; Total registers                              ; 53    ;
; Number of registers using Synchronous Clear  ; 19    ;
; Number of registers using Synchronous Load   ; 1     ;
; Number of registers using Asynchronous Clear ; 0     ;
; Number of registers using Asynchronous Load  ; 0     ;
; Number of registers using Clock Enable       ; 9     ;
; Number of registers using Preset             ; 0     ;
+----------------------------------------------+-------+


+--------------------------------------------------+
; Inverted Register Statistics                     ;
+----------------------------------------+---------+
; Inverted Register                      ; Fan out ;
+----------------------------------------+---------+
; \seleccionFormaOnda:subida             ; 4       ;
; Total number of inverted registers = 1 ;         ;
+----------------------------------------+---------+


+-------------------------------------------------------------------------+
; Source assignments for lpm_counter:\seleccionFrecuencia:pulsos[0]_rtl_0 ;
+---------------------------+-------+------+------------------------------+
; Assignment                ; Value ; From ; To                           ;
+---------------------------+-------+------+------------------------------+
; SUPPRESS_DA_RULE_INTERNAL ; a101  ; -    ; -                            ;
; SUPPRESS_DA_RULE_INTERNAL ; s102  ; -    ; -                            ;
; SUPPRESS_DA_RULE_INTERNAL ; s103  ; -    ; -                            ;
+---------------------------+-------+------+------------------------------+


+----------------------------------------------------------+
; Source assignments for lpm_counter:posicionMemoria_rtl_1 ;
+---------------------------+-------+------+---------------+
; Assignment                ; Value ; From ; To            ;
+---------------------------+-------+------+---------------+
; SUPPRESS_DA_RULE_INTERNAL ; a101  ; -    ; -             ;
; SUPPRESS_DA_RULE_INTERNAL ; s102  ; -    ; -             ;
; SUPPRESS_DA_RULE_INTERNAL ; s103  ; -    ; -             ;
+---------------------------+-------+------+---------------+


+-------------------------------------------------------+
; Source assignments for lpm_add_sub:Add1|addcore:adder ;
+---------------------------+-------+------+------------+
; Assignment                ; Value ; From ; To         ;
+---------------------------+-------+------+------------+
; SUPPRESS_DA_RULE_INTERNAL ; A103  ; -    ; -          ;
+---------------------------+-------+------+------------+


+-------------------------------------------------------+
; Source assignments for lpm_add_sub:Add2|addcore:adder ;
+---------------------------+-------+------+------------+
; Assignment                ; Value ; From ; To         ;
+---------------------------+-------+------+------------+
; SUPPRESS_DA_RULE_INTERNAL ; A103  ; -    ; -          ;
+---------------------------+-------+------+------------+


+-------------------------------------------------------+
; Source assignments for lpm_add_sub:Add3|addcore:adder ;
+---------------------------+-------+------+------------+
; Assignment                ; Value ; From ; To         ;
+---------------------------+-------+------+------------+
; SUPPRESS_DA_RULE_INTERNAL ; A103  ; -    ; -          ;
+---------------------------+-------+------+------------+


+----------------------------------------------------------------------------------------------+
; Parameter Settings for User Entity Instance: ROM_Seno:Memoria_Seno|lpm_rom:lpm_rom_component ;
+------------------------+--------------+------------------------------------------------------+
; Parameter Name         ; Value        ; Type                                                 ;
+------------------------+--------------+------------------------------------------------------+
; LPM_WIDTH              ; 8            ; Signed Integer                                       ;
; LPM_WIDTHAD            ; 8            ; Signed Integer                                       ;
; LPM_NUMWORDS           ; 256          ; Untyped                                              ;
; LPM_ADDRESS_CONTROL    ; REGISTERED   ; Untyped                                              ;
; LPM_OUTDATA            ; UNREGISTERED ; Untyped                                              ;
; LPM_FILE               ; seno.mif     ; Untyped                                              ;
; DEVICE_FAMILY          ; FLEX10K      ; Untyped                                              ;
; AUTO_CARRY_CHAINS      ; ON           ; AUTO_CARRY                                           ;
; IGNORE_CARRY_BUFFERS   ; OFF          ; IGNORE_CARRY                                         ;
; AUTO_CASCADE_CHAINS    ; ON           ; AUTO_CASCADE                                         ;
; IGNORE_CASCADE_BUFFERS ; OFF          ; IGNORE_CASCADE                                       ;
+------------------------+--------------+------------------------------------------------------+
Note: In order to hide this table in the UI and the text report file, please set the "Show Parameter Settings Tables in Synthesis Report" option in "Analysis and Synthesis Settings -> More Settings" to "Off".


+---------------------------------------------------------------------------------------------------+
; Parameter Settings for Inferred Entity Instance: lpm_counter:\seleccionFrecuencia:pulsos[0]_rtl_0 ;
+------------------------+-------------------+------------------------------------------------------+
; Parameter Name         ; Value             ; Type                                                 ;
+------------------------+-------------------+------------------------------------------------------+
; AUTO_CARRY_CHAINS      ; ON                ; AUTO_CARRY                                           ;
; IGNORE_CARRY_BUFFERS   ; OFF               ; IGNORE_CARRY                                         ;
; AUTO_CASCADE_CHAINS    ; ON                ; AUTO_CASCADE                                         ;
; IGNORE_CASCADE_BUFFERS ; OFF               ; IGNORE_CASCADE                                       ;
; LPM_WIDTH              ; 19                ; Untyped                                              ;
; LPM_DIRECTION          ; UP                ; Untyped                                              ;
; LPM_MODULUS            ; 0                 ; Untyped                                              ;
; LPM_AVALUE             ; UNUSED            ; Untyped                                              ;
; LPM_SVALUE             ; UNUSED            ; Untyped                                              ;
; LPM_PORT_UPDOWN        ; PORT_CONNECTIVITY ; Untyped                                              ;
; DEVICE_FAMILY          ; FLEX10K           ; Untyped                                              ;
; CARRY_CHAIN            ; MANUAL            ; Untyped                                              ;
; CARRY_CHAIN_LENGTH     ; 48                ; CARRY_CHAIN_LENGTH                                   ;
; NOT_GATE_PUSH_BACK     ; ON                ; NOT_GATE_PUSH_BACK                                   ;
; CARRY_CNT_EN           ; SMART             ; Untyped                                              ;
; LABWIDE_SCLR           ; ON                ; Untyped                                              ;
; USE_NEW_VERSION        ; TRUE              ; Untyped                                              ;
; CBXI_PARAMETER         ; NOTHING           ; Untyped                                              ;
+------------------------+-------------------+------------------------------------------------------+
Note: In order to hide this table in the UI and the text report file, please set the "Show Parameter Settings Tables in Synthesis Report" option in "Analysis and Synthesis Settings -> More Settings" to "Off".


+------------------------------------------------------------------------------------+
; Parameter Settings for Inferred Entity Instance: lpm_counter:posicionMemoria_rtl_1 ;
+------------------------+-------------------+---------------------------------------+
; Parameter Name         ; Value             ; Type                                  ;
+------------------------+-------------------+---------------------------------------+
; AUTO_CARRY_CHAINS      ; ON                ; AUTO_CARRY                            ;
; IGNORE_CARRY_BUFFERS   ; OFF               ; IGNORE_CARRY                          ;
; AUTO_CASCADE_CHAINS    ; ON                ; AUTO_CASCADE                          ;
; IGNORE_CASCADE_BUFFERS ; OFF               ; IGNORE_CASCADE                        ;
; LPM_WIDTH              ; 8                 ; Untyped                               ;
; LPM_DIRECTION          ; UP                ; Untyped                               ;
; LPM_MODULUS            ; 0                 ; Untyped                               ;
; LPM_AVALUE             ; UNUSED            ; Untyped                               ;
; LPM_SVALUE             ; UNUSED            ; Untyped                               ;
; LPM_PORT_UPDOWN        ; PORT_CONNECTIVITY ; Untyped                               ;
; DEVICE_FAMILY          ; FLEX10K           ; Untyped                               ;
; CARRY_CHAIN            ; MANUAL            ; Untyped                               ;
; CARRY_CHAIN_LENGTH     ; 48                ; CARRY_CHAIN_LENGTH                    ;
; NOT_GATE_PUSH_BACK     ; ON                ; NOT_GATE_PUSH_BACK                    ;
; CARRY_CNT_EN           ; SMART             ; Untyped                               ;
; LABWIDE_SCLR           ; ON                ; Untyped                               ;
; USE_NEW_VERSION        ; TRUE              ; Untyped                               ;
; CBXI_PARAMETER         ; NOTHING           ; Untyped                               ;
+------------------------+-------------------+---------------------------------------+
Note: In order to hide this table in the UI and the text report file, please set the "Show Parameter Settings Tables in Synthesis Report" option in "Analysis and Synthesis Settings -> More Settings" to "Off".


+-------------------------------------------------------------------+
; Parameter Settings for Inferred Entity Instance: lpm_add_sub:Add1 ;
+------------------------+-------------+----------------------------+
; Parameter Name         ; Value       ; Type                       ;
+------------------------+-------------+----------------------------+
; LPM_WIDTH              ; 8           ; Untyped                    ;
; LPM_REPRESENTATION     ; UNSIGNED    ; Untyped                    ;
; LPM_DIRECTION          ; ADD         ; Untyped                    ;
; ONE_INPUT_IS_CONSTANT  ; NO          ; Untyped                    ;
; LPM_PIPELINE           ; 0           ; Untyped                    ;
; MAXIMIZE_SPEED         ; 5           ; Untyped                    ;
; REGISTERED_AT_END      ; 0           ; Untyped                    ;
; OPTIMIZE_FOR_SPEED     ; 1           ; Untyped                    ;
; USE_CS_BUFFERS         ; 1           ; Untyped                    ;
; CARRY_CHAIN            ; MANUAL      ; Untyped                    ;
; CARRY_CHAIN_LENGTH     ; 48          ; CARRY_CHAIN_LENGTH         ;
; DEVICE_FAMILY          ; FLEX10K     ; Untyped                    ;
; USE_WYS                ; OFF         ; Untyped                    ;
; STYLE                  ; FAST        ; Untyped                    ;
; CBXI_PARAMETER         ; add_sub_rjh ; Untyped                    ;
; AUTO_CARRY_CHAINS      ; ON          ; AUTO_CARRY                 ;
; IGNORE_CARRY_BUFFERS   ; OFF         ; IGNORE_CARRY               ;
; AUTO_CASCADE_CHAINS    ; ON          ; AUTO_CASCADE               ;
; IGNORE_CASCADE_BUFFERS ; OFF         ; IGNORE_CASCADE             ;
+------------------------+-------------+----------------------------+
Note: In order to hide this table in the UI and the text report file, please set the "Show Parameter Settings Tables in Synthesis Report" option in "Analysis and Synthesis Settings -> More Settings" to "Off".


+-------------------------------------------------------------------+
; Parameter Settings for Inferred Entity Instance: lpm_add_sub:Add2 ;
+------------------------+-------------+----------------------------+
; Parameter Name         ; Value       ; Type                       ;
+------------------------+-------------+----------------------------+
; LPM_WIDTH              ; 8           ; Untyped                    ;
; LPM_REPRESENTATION     ; UNSIGNED    ; Untyped                    ;
; LPM_DIRECTION          ; ADD         ; Untyped                    ;
; ONE_INPUT_IS_CONSTANT  ; YES         ; Untyped                    ;
; LPM_PIPELINE           ; 0           ; Untyped                    ;
; MAXIMIZE_SPEED         ; 5           ; Untyped                    ;
; REGISTERED_AT_END      ; 0           ; Untyped                    ;
; OPTIMIZE_FOR_SPEED     ; 1           ; Untyped                    ;
; USE_CS_BUFFERS         ; 1           ; Untyped                    ;
; CARRY_CHAIN            ; MANUAL      ; Untyped                    ;
; CARRY_CHAIN_LENGTH     ; 48          ; CARRY_CHAIN_LENGTH         ;
; DEVICE_FAMILY          ; FLEX10K     ; Untyped                    ;
; USE_WYS                ; OFF         ; Untyped                    ;
; STYLE                  ; FAST        ; Untyped                    ;
; CBXI_PARAMETER         ; add_sub_lch ; Untyped                    ;
; AUTO_CARRY_CHAINS      ; ON          ; AUTO_CARRY                 ;
; IGNORE_CARRY_BUFFERS   ; OFF         ; IGNORE_CARRY               ;
; AUTO_CASCADE_CHAINS    ; ON          ; AUTO_CASCADE               ;
; IGNORE_CASCADE_BUFFERS ; OFF         ; IGNORE_CASCADE             ;
+------------------------+-------------+----------------------------+
Note: In order to hide this table in the UI and the text report file, please set the "Show Parameter Settings Tables in Synthesis Report" option in "Analysis and Synthesis Settings -> More Settings" to "Off".


+-------------------------------------------------------------------+
; Parameter Settings for Inferred Entity Instance: lpm_add_sub:Add3 ;
+------------------------+-------------+----------------------------+
; Parameter Name         ; Value       ; Type                       ;
+------------------------+-------------+----------------------------+
; LPM_WIDTH              ; 8           ; Untyped                    ;
; LPM_REPRESENTATION     ; UNSIGNED    ; Untyped                    ;
; LPM_DIRECTION          ; ADD         ; Untyped                    ;
; ONE_INPUT_IS_CONSTANT  ; YES         ; Untyped                    ;
; LPM_PIPELINE           ; 0           ; Untyped                    ;
; MAXIMIZE_SPEED         ; 5           ; Untyped                    ;
; REGISTERED_AT_END      ; 0           ; Untyped                    ;
; OPTIMIZE_FOR_SPEED     ; 1           ; Untyped                    ;
; USE_CS_BUFFERS         ; 1           ; Untyped                    ;
; CARRY_CHAIN            ; MANUAL      ; Untyped                    ;
; CARRY_CHAIN_LENGTH     ; 48          ; CARRY_CHAIN_LENGTH         ;
; DEVICE_FAMILY          ; FLEX10K     ; Untyped                    ;
; USE_WYS                ; OFF         ; Untyped                    ;
; STYLE                  ; FAST        ; Untyped                    ;
; CBXI_PARAMETER         ; add_sub_fnh ; Untyped                    ;
; AUTO_CARRY_CHAINS      ; ON          ; AUTO_CARRY                 ;
; IGNORE_CARRY_BUFFERS   ; OFF         ; IGNORE_CARRY               ;
; AUTO_CASCADE_CHAINS    ; ON          ; AUTO_CASCADE               ;
; IGNORE_CASCADE_BUFFERS ; OFF         ; IGNORE_CASCADE             ;
+------------------------+-------------+----------------------------+
Note: In order to hide this table in the UI and the text report file, please set the "Show Parameter Settings Tables in Synthesis Report" option in "Analysis and Synthesis Settings -> More Settings" to "Off".


+-------------------------------+
; Analysis & Synthesis Messages ;
+-------------------------------+
Info: *******************************************************************
Info: Running Quartus II Analysis & Synthesis
    Info: Version 9.0 Build 235 06/17/2009 Service Pack 2 SJ Web Edition
    Info: Processing started: Tue Jun 04 19:54:49 2013
Info: Command: quartus_map --read_settings_files=on --write_settings_files=off Generador_seniales -c Generador_seniales
Info: Found 2 design units, including 1 entities, in source file Generador_seniales.vhd
    Info: Found design unit 1: Generador_seniales-arquitectura_Generador_seniales
    Info: Found entity 1: Generador_seniales
Info: Found 2 design units, including 1 entities, in source file ROM_Seno.vhd
    Info: Found design unit 1: rom_seno-SYN
    Info: Found entity 1: ROM_Seno
Warning: Can't analyze file -- file E:/Generador de señales - MIF/Memoria.vhd is missing
Info: Elaborating entity "Generador_seniales" for the top level hierarchy
Warning (10631): VHDL Process Statement warning at Generador_seniales.vhd(129): inferring latch(es) for signal or variable "valorAmplitud", which holds its previous value in one or more paths through the process
Warning (10492): VHDL Process Statement warning at Generador_seniales.vhd(175): signal "reloj" is read inside the Process Statement but isn't in the Process Statement's sensitivity list
Warning (10631): VHDL Process Statement warning at Generador_seniales.vhd(153): inferring latch(es) for signal or variable "maximoPulsos", which holds its previous value in one or more paths through the process
Info (10041): Inferred latch for "seleccionFrecuencia:maximoPulsos[0]" at Generador_seniales.vhd(170)
Info (10041): Inferred latch for "seleccionFrecuencia:maximoPulsos[1]" at Generador_seniales.vhd(170)
Info (10041): Inferred latch for "seleccionFrecuencia:maximoPulsos[2]" at Generador_seniales.vhd(170)
Info (10041): Inferred latch for "seleccionFrecuencia:maximoPulsos[3]" at Generador_seniales.vhd(170)
Info (10041): Inferred latch for "seleccionFrecuencia:maximoPulsos[4]" at Generador_seniales.vhd(170)
Info (10041): Inferred latch for "seleccionFrecuencia:maximoPulsos[5]" at Generador_seniales.vhd(170)
Info (10041): Inferred latch for "seleccionFrecuencia:maximoPulsos[6]" at Generador_seniales.vhd(170)
Info (10041): Inferred latch for "seleccionFrecuencia:maximoPulsos[7]" at Generador_seniales.vhd(170)
Info (10041): Inferred latch for "seleccionFrecuencia:maximoPulsos[8]" at Generador_seniales.vhd(170)
Info (10041): Inferred latch for "seleccionFrecuencia:maximoPulsos[9]" at Generador_seniales.vhd(170)
Info (10041): Inferred latch for "seleccionFrecuencia:maximoPulsos[10]" at Generador_seniales.vhd(170)
Info (10041): Inferred latch for "seleccionFrecuencia:maximoPulsos[11]" at Generador_seniales.vhd(170)
Info (10041): Inferred latch for "seleccionFrecuencia:maximoPulsos[12]" at Generador_seniales.vhd(170)
Info (10041): Inferred latch for "seleccionFrecuencia:maximoPulsos[13]" at Generador_seniales.vhd(170)
Info (10041): Inferred latch for "seleccionFrecuencia:maximoPulsos[14]" at Generador_seniales.vhd(170)
Info (10041): Inferred latch for "seleccionFrecuencia:maximoPulsos[15]" at Generador_seniales.vhd(170)
Info (10041): Inferred latch for "seleccionFrecuencia:maximoPulsos[16]" at Generador_seniales.vhd(170)
Info (10041): Inferred latch for "seleccionFrecuencia:maximoPulsos[17]" at Generador_seniales.vhd(170)
Info (10041): Inferred latch for "seleccionFrecuencia:maximoPulsos[18]" at Generador_seniales.vhd(170)
Info (10041): Inferred latch for "valorAmplitud[0]" at Generador_seniales.vhd(129)
Info (10041): Inferred latch for "valorAmplitud[1]" at Generador_seniales.vhd(129)
Info (10041): Inferred latch for "valorAmplitud[2]" at Generador_seniales.vhd(129)
Info (10041): Inferred latch for "valorAmplitud[3]" at Generador_seniales.vhd(129)
Info (10041): Inferred latch for "valorAmplitud[4]" at Generador_seniales.vhd(129)
Info (10041): Inferred latch for "valorAmplitud[5]" at Generador_seniales.vhd(129)
Info (10041): Inferred latch for "valorAmplitud[6]" at Generador_seniales.vhd(129)
Info (10041): Inferred latch for "valorAmplitud[7]" at Generador_seniales.vhd(129)
Info: Elaborating entity "ROM_Seno" for hierarchy "ROM_Seno:Memoria_Seno"
Info: Elaborating entity "lpm_rom" for hierarchy "ROM_Seno:Memoria_Seno|lpm_rom:lpm_rom_component"
Info: Elaborated megafunction instantiation "ROM_Seno:Memoria_Seno|lpm_rom:lpm_rom_component"
Info: Instantiated megafunction "ROM_Seno:Memoria_Seno|lpm_rom:lpm_rom_component" with the following parameter:
    Info: Parameter "intended_device_family" = "FLEX10K"
    Info: Parameter "lpm_address_control" = "REGISTERED"
    Info: Parameter "lpm_file" = "seno.mif"
    Info: Parameter "lpm_outdata" = "UNREGISTERED"
    Info: Parameter "lpm_type" = "LPM_ROM"
    Info: Parameter "lpm_width" = "8"
    Info: Parameter "lpm_widthad" = "8"
Info: Elaborating entity "altrom" for hierarchy "ROM_Seno:Memoria_Seno|lpm_rom:lpm_rom_component|altrom:srom"
Info: Elaborated megafunction instantiation "ROM_Seno:Memoria_Seno|lpm_rom:lpm_rom_component|altrom:srom", which is child of megafunction instantiation "ROM_Seno:Memoria_Seno|lpm_rom:lpm_rom_component"
Info: Inferred 2 megafunctions from design logic
    Info: Inferred lpm_counter megafunction (LPM_WIDTH=19) from the following logic: "\seleccionFrecuencia:pulsos[0]~0"
    Info: Inferred lpm_counter megafunction (LPM_WIDTH=8) from the following logic: "posicionMemoria[0]~0"
Info: Inferred 3 megafunctions from design logic
    Info: Inferred adder/subtractor megafunction ("lpm_add_sub") from the following logic: "Add1"
    Info: Inferred adder/subtractor megafunction ("lpm_add_sub") from the following logic: "Add2"
    Info: Inferred adder/subtractor megafunction ("lpm_add_sub") from the following logic: "Add3"
Info: Elaborated megafunction instantiation "lpm_counter:\seleccionFrecuencia:pulsos[0]_rtl_0"
Info: Instantiated megafunction "lpm_counter:\seleccionFrecuencia:pulsos[0]_rtl_0" with the following parameter:
    Info: Parameter "LPM_WIDTH" = "19"
    Info: Parameter "LPM_DIRECTION" = "UP"
    Info: Parameter "LPM_TYPE" = "LPM_COUNTER"
Info: Elaborated megafunction instantiation "lpm_counter:\seleccionFrecuencia:pulsos[0]_rtl_0|alt_counter_f10ke:wysi_counter", which is child of megafunction instantiation "lpm_counter:\seleccionFrecuencia:pulsos[0]_rtl_0"
Info: Elaborated megafunction instantiation "lpm_counter:posicionMemoria_rtl_1"
Info: Instantiated megafunction "lpm_counter:posicionMemoria_rtl_1" with the following parameter:
    Info: Parameter "LPM_WIDTH" = "8"
    Info: Parameter "LPM_DIRECTION" = "UP"
    Info: Parameter "LPM_TYPE" = "LPM_COUNTER"
Info: Elaborated megafunction instantiation "lpm_counter:posicionMemoria_rtl_1|alt_counter_f10ke:wysi_counter", which is child of megafunction instantiation "lpm_counter:posicionMemoria_rtl_1"
Info: Elaborated megafunction instantiation "lpm_add_sub:Add1"
Info: Instantiated megafunction "lpm_add_sub:Add1" with the following parameter:
    Info: Parameter "LPM_WIDTH" = "8"
    Info: Parameter "LPM_DIRECTION" = "ADD"
    Info: Parameter "LPM_REPRESENTATION" = "UNSIGNED"
    Info: Parameter "ONE_INPUT_IS_CONSTANT" = "NO"
Info: Elaborated megafunction instantiation "lpm_add_sub:Add1|addcore:adder", which is child of megafunction instantiation "lpm_add_sub:Add1"
Info: Elaborated megafunction instantiation "lpm_add_sub:Add1|addcore:adder|a_csnbuffer:oflow_node", which is child of megafunction instantiation "lpm_add_sub:Add1"
Info: Elaborated megafunction instantiation "lpm_add_sub:Add1|addcore:adder|a_csnbuffer:result_node", which is child of megafunction instantiation "lpm_add_sub:Add1"
Info: Elaborated megafunction instantiation "lpm_add_sub:Add1|altshift:result_ext_latency_ffs", which is child of megafunction instantiation "lpm_add_sub:Add1"
Info: Elaborated megafunction instantiation "lpm_add_sub:Add1|altshift:carry_ext_latency_ffs", which is child of megafunction instantiation "lpm_add_sub:Add1"
Info: Elaborated megafunction instantiation "lpm_add_sub:Add2"
Info: Instantiated megafunction "lpm_add_sub:Add2" with the following parameter:
    Info: Parameter "LPM_WIDTH" = "8"
    Info: Parameter "LPM_DIRECTION" = "ADD"
    Info: Parameter "LPM_REPRESENTATION" = "UNSIGNED"
    Info: Parameter "ONE_INPUT_IS_CONSTANT" = "YES"
Info: Elaborated megafunction instantiation "lpm_add_sub:Add2|addcore:adder", which is child of megafunction instantiation "lpm_add_sub:Add2"
Info: Elaborated megafunction instantiation "lpm_add_sub:Add3"
Info: Instantiated megafunction "lpm_add_sub:Add3" with the following parameter:
    Info: Parameter "LPM_WIDTH" = "8"
    Info: Parameter "LPM_DIRECTION" = "ADD"
    Info: Parameter "LPM_REPRESENTATION" = "UNSIGNED"
    Info: Parameter "ONE_INPUT_IS_CONSTANT" = "YES"
Warning: Always-enabled tri-state buffer(s) removed
    Warning: Converted the fanout from the always-enabled tri-state buffer "ROM_Seno:Memoria_Seno|lpm_rom:lpm_rom_component|otri[2]" to the node "valorFormaOnda" into a wire
    Warning: Converted the fanout from the always-enabled tri-state buffer "ROM_Seno:Memoria_Seno|lpm_rom:lpm_rom_component|otri[0]" to the node "valorFormaOnda" into a wire
    Warning: Converted the fanout from the always-enabled tri-state buffer "ROM_Seno:Memoria_Seno|lpm_rom:lpm_rom_component|otri[1]" to the node "valorFormaOnda" into a wire
    Warning: Converted the fanout from the always-enabled tri-state buffer "ROM_Seno:Memoria_Seno|lpm_rom:lpm_rom_component|otri[3]" to the node "valorFormaOnda" into a wire
    Warning: Converted the fanout from the always-enabled tri-state buffer "ROM_Seno:Memoria_Seno|lpm_rom:lpm_rom_component|otri[4]" to the node "valorFormaOnda" into a wire
    Warning: Converted the fanout from the always-enabled tri-state buffer "ROM_Seno:Memoria_Seno|lpm_rom:lpm_rom_component|otri[5]" to the node "valorFormaOnda" into a wire
    Warning: Converted the fanout from the always-enabled tri-state buffer "ROM_Seno:Memoria_Seno|lpm_rom:lpm_rom_component|otri[6]" to the node "valorFormaOnda" into a wire
    Warning: Converted the fanout from the always-enabled tri-state buffer "ROM_Seno:Memoria_Seno|lpm_rom:lpm_rom_component|otri[7]" to the node "valorFormaOnda" into a wire
Warning: Latch valorAmplitud[0] has unsafe behavior
    Warning: Ports D and ENA on the latch are fed by the same signal amplitud[0]
Warning: Latch valorAmplitud[1] has unsafe behavior
    Warning: Ports D and ENA on the latch are fed by the same signal amplitud[0]
Warning: Latch valorAmplitud[2] has unsafe behavior
    Warning: Ports D and ENA on the latch are fed by the same signal amplitud[0]
Warning: Latch valorAmplitud[3] has unsafe behavior
    Warning: Ports D and ENA on the latch are fed by the same signal amplitud[0]
Warning: Latch valorAmplitud[4] has unsafe behavior
    Warning: Ports D and ENA on the latch are fed by the same signal amplitud[0]
Warning: Latch valorAmplitud[5] has unsafe behavior
    Warning: Ports D and ENA on the latch are fed by the same signal amplitud[0]
Warning: Latch valorAmplitud[6] has unsafe behavior
    Warning: Ports ENA and CLR on the latch are fed by the same signal amplitud[1]
Warning: Latch valorAmplitud[7] has unsafe behavior
    Warning: Ports ENA and CLR on the latch are fed by the same signal amplitud[0]
Warning: Output pins are stuck at VCC or GND
    Warning (13410): Pin "AB" is stuck at GND
    Warning (13410): Pin "CLR" is stuck at VCC
    Warning (13410): Pin "LDAC" is stuck at GND
Info: Implemented 182 device resources after synthesis - the final resource count might be different
    Info: Implemented 7 input pins
    Info: Implemented 13 output pins
    Info: Implemented 154 logic cells
    Info: Implemented 8 RAM segments
Info: Quartus II Analysis & Synthesis was successful. 0 errors, 33 warnings
    Info: Peak virtual memory: 196 megabytes
    Info: Processing ended: Tue Jun 04 19:56:00 2013
    Info: Elapsed time: 00:01:11
    Info: Total CPU time (on all processors): 00:00:04


