Flow report for Generador_seniales
Tue Jun 04 19:57:21 2013
Quartus II Version 9.0 Build 235 06/17/2009 Service Pack 2 SJ Web Edition


---------------------
; Table of Contents ;
---------------------
  1. Legal Notice
  2. Flow Summary
  3. Flow Settings
  4. Flow Non-Default Global Settings
  5. Flow Elapsed Time
  6. Flow OS Summary
  7. Flow Log



----------------
; Legal Notice ;
----------------
Copyright (C) 1991-2009 Altera Corporation
Your use of Altera Corporation's design tools, logic functions 
and other software and tools, and its AMPP partner logic 
functions, and any output files from any of the foregoing 
(including device programming or simulation files), and any 
associated documentation or information are expressly subject 
to the terms and conditions of the Altera Program License 
Subscription Agreement, Altera MegaCore Function License 
Agreement, or other applicable license agreement, including, 
without limitation, that your use is for the sole purpose of 
programming logic devices manufactured by Altera and sold by 
Altera or its authorized distributors.  Please refer to the 
applicable agreement for further details.



+------------------------------------------------------------------------+
; Flow Summary                                                           ;
+-------------------------+----------------------------------------------+
; Flow Status             ; Successful - Tue Jun 04 19:57:19 2013        ;
; Quartus II Version      ; 9.0 Build 235 06/17/2009 SP 2 SJ Web Edition ;
; Revision Name           ; Generador_seniales                           ;
; Top-level Entity Name   ; Generador_seniales                           ;
; Family                  ; FLEX10K                                      ;
; Device                  ; EPF10K70RC240-4                              ;
; Timing Models           ; Final                                        ;
; Met timing requirements ; Yes                                          ;
; Total logic elements    ; 156 / 3,744 ( 4 % )                          ;
; Total pins              ; 20 / 189 ( 11 % )                            ;
; Total memory bits       ; 2,048 / 18,432 ( 11 % )                      ;
+-------------------------+----------------------------------------------+


+-----------------------------------------+
; Flow Settings                           ;
+-------------------+---------------------+
; Option            ; Setting             ;
+-------------------+---------------------+
; Start date & time ; 06/04/2013 19:54:55 ;
; Main task         ; Compilation         ;
; Revision Name     ; Generador_seniales  ;
+-------------------+---------------------+


+------------------------------------------------------------------------------------------------------------------------------------------+
; Flow Non-Default Global Settings                                                                                                         ;
+------------------------------------+------------------------------------------------------+---------------+-------------+----------------+
; Assignment Name                    ; Value                                                ; Default Value ; Entity Name ; Section Id     ;
+------------------------------------+------------------------------------------------------+---------------+-------------+----------------+
; COMPILER_SIGNATURE_ID              ; 116517802484.137037209101744                         ; --            ; --          ; --             ;
; IP_TOOL_NAME                       ; ROM: 1-PORT                                          ; --            ; --          ; --             ;
; IP_TOOL_VERSION                    ; 9.0                                                  ; --            ; --          ; --             ;
; MAX_CORE_JUNCTION_TEMP             ; 85                                                   ; --            ; --          ; --             ;
; MIN_CORE_JUNCTION_TEMP             ; 0                                                    ; --            ; --          ; --             ;
; MISC_FILE                          ; ROM_Seno.cmp                                         ; --            ; --          ; --             ;
; MISC_FILE                          ; J:/Generador de señales - MIF/Generador_seniales.dpf ; --            ; --          ; --             ;
; MISC_FILE                          ; E:/Generador de señales - MIF/Generador_seniales.dpf ; --            ; --          ; --             ;
; USE_GENERATED_PHYSICAL_CONSTRAINTS ; Off                                                  ; --            ; --          ; eda_blast_fpga ;
+------------------------------------+------------------------------------------------------+---------------+-------------+----------------+


+-----------------------------------------------------------------------------------------------------------------------------+
; Flow Elapsed Time                                                                                                           ;
+-------------------------+--------------+-------------------------+---------------------+------------------------------------+
; Module Name             ; Elapsed Time ; Average Processors Used ; Peak Virtual Memory ; Total CPU Time (on all processors) ;
+-------------------------+--------------+-------------------------+---------------------+------------------------------------+
; Analysis & Synthesis    ; 00:01:02     ; 1.0                     ; 196 MB              ; 00:00:04                           ;
; Fitter                  ; 00:00:16     ; 1.0                     ; 169 MB              ; 00:00:07                           ;
; Assembler               ; 00:00:10     ; 1.0                     ; 159 MB              ; 00:00:01                           ;
; Classic Timing Analyzer ; 00:00:09     ; 1.0                     ; 127 MB              ; 00:00:01                           ;
; Total                   ; 00:01:37     ; --                      ; --                  ; 00:00:13                           ;
+-------------------------+--------------+-------------------------+---------------------+------------------------------------+


+---------------------------------------------------------------------------------------+
; Flow OS Summary                                                                       ;
+-------------------------+------------------+------------+------------+----------------+
; Module Name             ; Machine Hostname ; OS Name    ; OS Version ; Processor type ;
+-------------------------+------------------+------------+------------+----------------+
; Analysis & Synthesis    ; ei143245         ; Windows XP ; 5.1        ; i1586          ;
; Fitter                  ; ei143245         ; Windows XP ; 5.1        ; i1586          ;
; Assembler               ; ei143245         ; Windows XP ; 5.1        ; i1586          ;
; Classic Timing Analyzer ; ei143245         ; Windows XP ; 5.1        ; i1586          ;
+-------------------------+------------------+------------+------------+----------------+


------------
; Flow Log ;
------------
quartus_map --read_settings_files=on --write_settings_files=off Generador_seniales -c Generador_seniales
quartus_fit --read_settings_files=off --write_settings_files=off Generador_seniales -c Generador_seniales
quartus_asm --read_settings_files=off --write_settings_files=off Generador_seniales -c Generador_seniales
quartus_tan --read_settings_files=off --write_settings_files=off Generador_seniales -c Generador_seniales



